<?xml version="1.0" encoding="UTF-8"?>
<testsuite xmlns:xsi="http://www.w3.org/2001/XMLSchema-instance" xsi:noNamespaceSchemaLocation="https://maven.apache.org/surefire/maven-surefire-plugin/xsd/surefire-test-report-3.0.xsd" version="3.0" name="wtf.choco.network.data.NamespacedKeyTest" time="0.097" tests="5" errors="0" skipped="0" failures="0">
  <properties>
[...]
</properties>
  <testcase name="testOf" classname="wtf.choco.network.data.NamespacedKeyTest" time="0.05"/>
  <testcase name="testEquals" classname="wtf.choco.network.data.NamespacedKeyTest" time="0.014"/>
  <testcase name="testMinecraft" classname="wtf.choco.network.data.NamespacedKeyTest" time="0.002"/>
  <testcase name="testFromString" classname="wtf.choco.network.data.NamespacedKeyTest" time="0.001"/>
  <testcase name="testNamespacedKey" classname="wtf.choco.network.data.NamespacedKeyTest" time="0.004"/>
</testsuite>